c:\users\diogo\desktop\sopa_windows\sopa_windows\debug\vc142.pdb
c:\users\diogo\desktop\sopa_windows\sopa_windows\debug\vc142.idb
c:\users\diogo\desktop\sopa_windows\sopa_windows\debug\sopa_windows.obj
c:\users\diogo\desktop\sopa_windows\sopa_windows\debug\game.obj
c:\users\diogo\desktop\sopa_windows\sopa_windows\debug\expert.obj
c:\users\diogo\desktop\sopa_windows\sopa_windows\debug\word.obj
c:\users\diogo\desktop\sopa_windows\sopa_windows\debug\player.obj
c:\users\diogo\desktop\sopa_windows\sopa_windows\debug\point.obj
c:\users\diogo\desktop\sopa_windows\sopa_windows\debug\beginner.obj
c:\users\diogo\desktop\sopa_windows\sopa_windows\debug\board.obj
c:\users\diogo\desktop\sopa_windows\sopa_windows\debug\letter.obj
c:\users\diogo\desktop\sopa_windows\sopa_windows\debug\sopa_windows.res
c:\users\diogo\desktop\sopa_windows\debug\sopa_windows.pdb
c:\users\diogo\desktop\sopa_windows\sopa_windows\debug\sopa_windows.tlog\cl.command.1.tlog
c:\users\diogo\desktop\sopa_windows\sopa_windows\debug\sopa_windows.tlog\cl.read.1.tlog
c:\users\diogo\desktop\sopa_windows\sopa_windows\debug\sopa_windows.tlog\cl.write.1.tlog
c:\users\diogo\desktop\sopa_windows\sopa_windows\debug\sopa_windows.tlog\link-cvtres.read.1.tlog
c:\users\diogo\desktop\sopa_windows\sopa_windows\debug\sopa_windows.tlog\link-cvtres.write.1.tlog
c:\users\diogo\desktop\sopa_windows\sopa_windows\debug\sopa_windows.tlog\link-rc.read.1.tlog
c:\users\diogo\desktop\sopa_windows\sopa_windows\debug\sopa_windows.tlog\link-rc.write.1.tlog
c:\users\diogo\desktop\sopa_windows\sopa_windows\debug\sopa_windows.tlog\link.command.1.tlog
c:\users\diogo\desktop\sopa_windows\sopa_windows\debug\sopa_windows.tlog\link.read.1.tlog
c:\users\diogo\desktop\sopa_windows\sopa_windows\debug\sopa_windows.tlog\link.write.1.tlog
c:\users\diogo\desktop\sopa_windows\sopa_windows\debug\sopa_windows.tlog\rc.command.1.tlog
c:\users\diogo\desktop\sopa_windows\sopa_windows\debug\sopa_windows.tlog\rc.read.1.tlog
c:\users\diogo\desktop\sopa_windows\sopa_windows\debug\sopa_windows.tlog\rc.write.1.tlog
