LINK : warning LNK4075: ignoring '/INCREMENTAL' due to '/FORCE' specification
Game.obj : warning LNK4006: "struct HWND__ * Board_Title" (?Board_Title@@3PAUHWND__@@A) already defined in Board.obj; second definition ignored
Game.obj : warning LNK4006: "struct HWND__ * _DimX" (?_DimX@@3PAUHWND__@@A) already defined in Board.obj; second definition ignored
Game.obj : warning LNK4006: "struct HWND__ * DimX_Input" (?DimX_Input@@3PAUHWND__@@A) already defined in Board.obj; second definition ignored
Game.obj : warning LNK4006: "struct HWND__ * _DimY" (?_DimY@@3PAUHWND__@@A) already defined in Board.obj; second definition ignored
Game.obj : warning LNK4006: "struct HWND__ * DimY_Input" (?DimY_Input@@3PAUHWND__@@A) already defined in Board.obj; second definition ignored
Game.obj : warning LNK4006: "struct HWND__ * Board_Button" (?Board_Button@@3PAUHWND__@@A) already defined in Board.obj; second definition ignored
Game.obj : warning LNK4006: "struct HWND__ * * * _Board" (?_Board@@3PAPAPAUHWND__@@A) already defined in Board.obj; second definition ignored
Game.obj : warning LNK4006: "struct HWND__ * * X_Bar" (?X_Bar@@3PAPAUHWND__@@A) already defined in Board.obj; second definition ignored
Game.obj : warning LNK4006: "struct HWND__ * * Y_Bar" (?Y_Bar@@3PAPAUHWND__@@A) already defined in Board.obj; second definition ignored
Game.obj : warning LNK4006: "char * b_dimx" (?b_dimx@@3PADA) already defined in Board.obj; second definition ignored
Game.obj : warning LNK4006: "char * b_dimy" (?b_dimy@@3PADA) already defined in Board.obj; second definition ignored
Game.obj : warning LNK4006: "int n_dimx" (?n_dimx@@3HA) already defined in Board.obj; second definition ignored
Game.obj : warning LNK4006: "int n_dimy" (?n_dimy@@3HA) already defined in Board.obj; second definition ignored
Player.obj : warning LNK4006: "char * p_name" (?p_name@@3PADA) already defined in Game.obj; second definition ignored
Player.obj : warning LNK4006: "char * p_age" (?p_age@@3PADA) already defined in Game.obj; second definition ignored
Player.obj : warning LNK4006: "int n_age" (?n_age@@3HA) already defined in Game.obj; second definition ignored
Player.obj : warning LNK4006: "struct HWND__ * _Player" (?_Player@@3PAUHWND__@@A) already defined in Game.obj; second definition ignored
Player.obj : warning LNK4006: "struct HWND__ * _Name" (?_Name@@3PAUHWND__@@A) already defined in Game.obj; second definition ignored
Player.obj : warning LNK4006: "struct HWND__ * Name_Input" (?Name_Input@@3PAUHWND__@@A) already defined in Game.obj; second definition ignored
Player.obj : warning LNK4006: "struct HWND__ * _Age" (?_Age@@3PAUHWND__@@A) already defined in Game.obj; second definition ignored
Player.obj : warning LNK4006: "struct HWND__ * Age_Input" (?Age_Input@@3PAUHWND__@@A) already defined in Game.obj; second definition ignored
Player.obj : warning LNK4006: "struct HWND__ * Player_Button" (?Player_Button@@3PAUHWND__@@A) already defined in Game.obj; second definition ignored
Sopa_Windows.obj : warning LNK4006: "struct HWND__ * Board_Title" (?Board_Title@@3PAUHWND__@@A) already defined in Board.obj; second definition ignored
Sopa_Windows.obj : warning LNK4006: "struct HWND__ * _DimX" (?_DimX@@3PAUHWND__@@A) already defined in Board.obj; second definition ignored
Sopa_Windows.obj : warning LNK4006: "struct HWND__ * DimX_Input" (?DimX_Input@@3PAUHWND__@@A) already defined in Board.obj; second definition ignored
Sopa_Windows.obj : warning LNK4006: "struct HWND__ * _DimY" (?_DimY@@3PAUHWND__@@A) already defined in Board.obj; second definition ignored
Sopa_Windows.obj : warning LNK4006: "struct HWND__ * DimY_Input" (?DimY_Input@@3PAUHWND__@@A) already defined in Board.obj; second definition ignored
Sopa_Windows.obj : warning LNK4006: "struct HWND__ * Board_Button" (?Board_Button@@3PAUHWND__@@A) already defined in Board.obj; second definition ignored
Sopa_Windows.obj : warning LNK4006: "struct HWND__ * * * _Board" (?_Board@@3PAPAPAUHWND__@@A) already defined in Board.obj; second definition ignored
Sopa_Windows.obj : warning LNK4006: "struct HWND__ * * X_Bar" (?X_Bar@@3PAPAUHWND__@@A) already defined in Board.obj; second definition ignored
Sopa_Windows.obj : warning LNK4006: "struct HWND__ * * Y_Bar" (?Y_Bar@@3PAPAUHWND__@@A) already defined in Board.obj; second definition ignored
Sopa_Windows.obj : warning LNK4006: "char * b_dimx" (?b_dimx@@3PADA) already defined in Board.obj; second definition ignored
Sopa_Windows.obj : warning LNK4006: "char * b_dimy" (?b_dimy@@3PADA) already defined in Board.obj; second definition ignored
Sopa_Windows.obj : warning LNK4006: "int n_dimx" (?n_dimx@@3HA) already defined in Board.obj; second definition ignored
Sopa_Windows.obj : warning LNK4006: "int n_dimy" (?n_dimy@@3HA) already defined in Board.obj; second definition ignored
Sopa_Windows.obj : warning LNK4006: "char * p_name" (?p_name@@3PADA) already defined in Game.obj; second definition ignored
Sopa_Windows.obj : warning LNK4006: "char * p_age" (?p_age@@3PADA) already defined in Game.obj; second definition ignored
Sopa_Windows.obj : warning LNK4006: "int n_age" (?n_age@@3HA) already defined in Game.obj; second definition ignored
Sopa_Windows.obj : warning LNK4006: "struct HWND__ * _Player" (?_Player@@3PAUHWND__@@A) already defined in Game.obj; second definition ignored
Sopa_Windows.obj : warning LNK4006: "struct HWND__ * _Name" (?_Name@@3PAUHWND__@@A) already defined in Game.obj; second definition ignored
Sopa_Windows.obj : warning LNK4006: "struct HWND__ * Name_Input" (?Name_Input@@3PAUHWND__@@A) already defined in Game.obj; second definition ignored
Sopa_Windows.obj : warning LNK4006: "struct HWND__ * _Age" (?_Age@@3PAUHWND__@@A) already defined in Game.obj; second definition ignored
Sopa_Windows.obj : warning LNK4006: "struct HWND__ * Age_Input" (?Age_Input@@3PAUHWND__@@A) already defined in Game.obj; second definition ignored
Sopa_Windows.obj : warning LNK4006: "struct HWND__ * Player_Button" (?Player_Button@@3PAUHWND__@@A) already defined in Game.obj; second definition ignored
Sopa_Windows.obj : warning LNK4006: "struct HWND__ * NewGame" (?NewGame@@3PAUHWND__@@A) already defined in Game.obj; second definition ignored
Sopa_Windows.obj : warning LNK4006: "struct HWND__ * LoadGame" (?LoadGame@@3PAUHWND__@@A) already defined in Game.obj; second definition ignored
Sopa_Windows.obj : warning LNK4006: "struct HWND__ * Exit" (?Exit@@3PAUHWND__@@A) already defined in Game.obj; second definition ignored
Sopa_Windows.obj : warning LNK4006: "struct HWND__ * Level" (?Level@@3PAUHWND__@@A) already defined in Game.obj; second definition ignored
Sopa_Windows.obj : warning LNK4006: "struct HWND__ * _Beginner" (?_Beginner@@3PAUHWND__@@A) already defined in Game.obj; second definition ignored
Sopa_Windows.obj : warning LNK4006: "struct HWND__ * _Expert" (?_Expert@@3PAUHWND__@@A) already defined in Game.obj; second definition ignored
C:\Users\diogo\Desktop\Projects-LEI\Sopa_Windows\Debug\Sopa_Windows.exe : warning LNK4088: image being generated due to /FORCE option; image may not run
  Sopa_Windows.vcxproj -> C:\Users\diogo\Desktop\Projects-LEI\Sopa_Windows\Debug\Sopa_Windows.exe
