c:\users\diogo\desktop\projects-lei\sopa de letras\sopa de letras\debug\vc142.pdb
c:\users\diogo\desktop\projects-lei\sopa de letras\sopa de letras\debug\vc142.idb
c:\users\diogo\desktop\projects-lei\sopa de letras\sopa de letras\debug\board.obj
c:\users\diogo\desktop\projects-lei\sopa de letras\sopa de letras\debug\point.obj
c:\users\diogo\desktop\projects-lei\sopa de letras\sopa de letras\debug\word.obj
c:\users\diogo\desktop\projects-lei\sopa de letras\sopa de letras\debug\main.obj
c:\users\diogo\desktop\projects-lei\sopa de letras\sopa de letras\debug\letter.obj
c:\users\diogo\desktop\projects-lei\sopa de letras\sopa de letras\debug\game.obj
c:\users\diogo\desktop\projects-lei\sopa de letras\sopa de letras\debug\player.obj
c:\users\diogo\desktop\projects-lei\sopa de letras\sopa de letras\debug\expert.obj
c:\users\diogo\desktop\projects-lei\sopa de letras\sopa de letras\debug\beginner.obj
c:\users\diogo\desktop\projects-lei\sopa de letras\debug\sopa de letras.exe
c:\users\diogo\desktop\projects-lei\sopa de letras\debug\sopa de letras.ilk
c:\users\diogo\desktop\projects-lei\sopa de letras\debug\sopa de letras.pdb
c:\users\diogo\desktop\projects-lei\sopa de letras\sopa de letras\debug\sopa de letras.tlog\cl.command.1.tlog
c:\users\diogo\desktop\projects-lei\sopa de letras\sopa de letras\debug\sopa de letras.tlog\cl.read.1.tlog
c:\users\diogo\desktop\projects-lei\sopa de letras\sopa de letras\debug\sopa de letras.tlog\cl.write.1.tlog
c:\users\diogo\desktop\projects-lei\sopa de letras\sopa de letras\debug\sopa de letras.tlog\link.command.1.tlog
c:\users\diogo\desktop\projects-lei\sopa de letras\sopa de letras\debug\sopa de letras.tlog\link.read.1.tlog
c:\users\diogo\desktop\projects-lei\sopa de letras\sopa de letras\debug\sopa de letras.tlog\link.write.1.tlog
